<?xml version="1.0" encoding="UTF-8"?>
<!-- Generated by org.testng.reporters.JUnitXMLReporter -->
<testsuite ignored="0" hostname="LAPTOP-N8VHLQRP" failures="0" tests="3" name="Test" time="55.985" errors="0" timestamp="2023-09-13T10:22:21 IST">
  <testcase classname="org.hcl.loginpage.SampleTest" name="demoone" time="0.004"/>
  <testcase classname="org.hcl.loginpage.OneDemoTest" name="demoTwo" time="0.001"/>
  <testcase classname="org.hcl.loginpage.LoginTest" name="login" time="3.019"/>
</testsuite> <!-- Test -->
