<?xml version="1.0" encoding="UTF-8"?>
<!-- Generated by org.testng.reporters.JUnitXMLReporter -->
<testsuite ignored="0" hostname="LAPTOP-N8VHLQRP" failures="0" tests="3" name="Test" time="5.709" errors="0" timestamp="2023-09-12T18:01:46 IST">
  <testcase classname="org.hcl.loginpage.SampleTest" name="demoone" time="0.002"/>
  <testcase classname="org.hcl.loginpage.OneDemoTest" name="demoTwo" time="0.0"/>
  <testcase classname="org.hcl.loginpage.LoginTest" name="login" time="1.022"/>
</testsuite> <!-- Test -->
