<?xml version="1.0" encoding="UTF-8"?>
<testng-results ignored="0" total="3" passed="3" failed="0" skipped="0">
  <reporter-output>
  </reporter-output>
  <suite started-at="2023-09-12T18:01:40 IST" name="Suite" finished-at="2023-09-12T18:01:46 IST" duration-ms="5709">
    <groups>
    </groups>
    <test started-at="2023-09-12T18:01:40 IST" name="Test" finished-at="2023-09-12T18:01:46 IST" duration-ms="5709">
      <class name="org.hcl.loginpage.OneDemoTest">
        <test-method signature="demoTwo()[pri:0, instance:org.hcl.loginpage.OneDemoTest@1dde4cb2]" started-at="2023-09-12T18:01:44 IST" name="demoTwo" finished-at="2023-09-12T18:01:44 IST" duration-ms="0" status="PASS">
          <reporter-output>
          </reporter-output>
        </test-method> <!-- demoTwo -->
      </class> <!-- org.hcl.loginpage.OneDemoTest -->
      <class name="org.hcl.loginpage.LoginTest">
        <test-method is-config="true" signature="setup()[pri:0, instance:org.hcl.loginpage.LoginTest@6aba2b86]" started-at="2023-09-12T18:01:40 IST" name="setup" finished-at="2023-09-12T18:01:44 IST" duration-ms="4160" status="PASS">
          <reporter-output>
          </reporter-output>
        </test-method> <!-- setup -->
        <test-method signature="login()[pri:0, instance:org.hcl.loginpage.LoginTest@6aba2b86]" started-at="2023-09-12T18:01:44 IST" name="login" finished-at="2023-09-12T18:01:45 IST" duration-ms="1022" status="PASS">
          <reporter-output>
          </reporter-output>
        </test-method> <!-- login -->
        <test-method is-config="true" signature="teardown()[pri:0, instance:org.hcl.loginpage.LoginTest@6aba2b86]" started-at="2023-09-12T18:01:45 IST" name="teardown" finished-at="2023-09-12T18:01:46 IST" duration-ms="450" status="PASS">
          <reporter-output>
          </reporter-output>
        </test-method> <!-- teardown -->
      </class> <!-- org.hcl.loginpage.LoginTest -->
      <class name="org.hcl.loginpage.SampleTest">
        <test-method signature="demoone()[pri:0, instance:org.hcl.loginpage.SampleTest@61df66b6]" started-at="2023-09-12T18:01:44 IST" name="demoone" finished-at="2023-09-12T18:01:44 IST" duration-ms="2" status="PASS">
          <reporter-output>
          </reporter-output>
        </test-method> <!-- demoone -->
      </class> <!-- org.hcl.loginpage.SampleTest -->
    </test> <!-- Test -->
  </suite> <!-- Suite -->
</testng-results>
