<?xml version="1.0" encoding="UTF-8"?>
<testng-results ignored="0" total="3" passed="3" failed="0" skipped="0">
  <reporter-output>
  </reporter-output>
  <suite started-at="2023-09-13T10:21:25 IST" name="Suite" finished-at="2023-09-13T10:22:21 IST" duration-ms="55985">
    <groups>
    </groups>
    <test started-at="2023-09-13T10:21:25 IST" name="Test" finished-at="2023-09-13T10:22:21 IST" duration-ms="55985">
      <class name="org.hcl.loginpage.OneDemoTest">
        <test-method signature="demoTwo()[pri:0, instance:org.hcl.loginpage.OneDemoTest@459e9125]" started-at="2023-09-13T10:22:17 IST" name="demoTwo" finished-at="2023-09-13T10:22:17 IST" duration-ms="1" status="PASS">
          <reporter-output>
          </reporter-output>
        </test-method> <!-- demoTwo -->
      </class> <!-- org.hcl.loginpage.OneDemoTest -->
      <class name="org.hcl.loginpage.LoginTest">
        <test-method is-config="true" signature="setup()[pri:0, instance:org.hcl.loginpage.LoginTest@411f53a0]" started-at="2023-09-13T10:21:25 IST" name="setup" finished-at="2023-09-13T10:22:17 IST" duration-ms="52521" status="PASS">
          <reporter-output>
          </reporter-output>
        </test-method> <!-- setup -->
        <test-method signature="login()[pri:0, instance:org.hcl.loginpage.LoginTest@411f53a0]" started-at="2023-09-13T10:22:17 IST" name="login" finished-at="2023-09-13T10:22:20 IST" duration-ms="3019" status="PASS">
          <reporter-output>
          </reporter-output>
        </test-method> <!-- login -->
        <test-method is-config="true" signature="teardown()[pri:0, instance:org.hcl.loginpage.LoginTest@411f53a0]" started-at="2023-09-13T10:22:20 IST" name="teardown" finished-at="2023-09-13T10:22:21 IST" duration-ms="401" status="PASS">
          <reporter-output>
          </reporter-output>
        </test-method> <!-- teardown -->
      </class> <!-- org.hcl.loginpage.LoginTest -->
      <class name="org.hcl.loginpage.SampleTest">
        <test-method signature="demoone()[pri:0, instance:org.hcl.loginpage.SampleTest@3023df74]" started-at="2023-09-13T10:22:17 IST" name="demoone" finished-at="2023-09-13T10:22:17 IST" duration-ms="4" status="PASS">
          <reporter-output>
          </reporter-output>
        </test-method> <!-- demoone -->
      </class> <!-- org.hcl.loginpage.SampleTest -->
    </test> <!-- Test -->
  </suite> <!-- Suite -->
</testng-results>
